Added Component: Designator=C1(1608[0603])
Added Component: Designator=C2(1608[0603])
Added Component: Designator=C3(1608[0603])
Added Component: Designator=C4(1608[0603])
Added Component: Designator=C5(1608[0603])
Added Component: Designator=C6(1608[0603])
Added Component: Designator=C7(1608[0603])
Added Component: Designator=C8(1206)
Added Component: Designator=C9(1206)
Added Component: Designator=C10(1608[0603])
Added Component: Designator=C11(0805)
Added Component: Designator=C12(1608[0603])
Added Component: Designator=C13(0805)
Added Component: Designator=C14(1608[0603])
Added Component: Designator=C15(1608[0603])
Added Component: Designator=C16(1608[0603])
Added Component: Designator=C17(1608[0603])
Added Component: Designator=C18(1608[0603])
Added Component: Designator=C19(1608[0603])
Added Component: Designator=C20(1608[0603])
Added Component: Designator=C21(1608[0603])
Added Component: Designator=C22(1608[0603])
Added Component: Designator=C23(1608[0603])
Added Component: Designator=C24(1608[0603])
Added Component: Designator=C25(1608[0603])
Added Component: Designator=C26(1608[0603])
Added Component: Designator=C28(1608[0603])
Added Component: Designator=C30(1608[0603])
Added Component: Designator=C33(1608[0603])
Added Component: Designator=D1(LED)
Added Component: Designator=D2(LED)
Added Component: Designator=D3(LED)
Added Component: Designator=D4(SMC)
Added Component: Designator=L1(1206)
Added Component: Designator=L2(1206)
Added Component: Designator=L5(1206)
Added Component: Designator=P1(micro usb)
Added Component: Designator=P2(Header 4p 2.0mm)
Added Component: Designator=P3(new GPS 1.25x5)
Added Component: Designator=P4(Compass)
Added Component: Designator=P5(JTAG2)
Added Component: Designator=P6(HEADER3X7)
Added Component: Designator=P7(header3x4)
Added Component: Designator=R1(1608[0603])
Added Component: Designator=R2(1608[0603])
Added Component: Designator=R3(1608[0603])
Added Component: Designator=R4(1608[0603])
Added Component: Designator=R5(1608[0603])
Added Component: Designator=R6(1608[0603])
Added Component: Designator=R7(1608[0603])
Added Component: Designator=R8(1608[0603])
Added Component: Designator=R9(1608[0603])
Added Component: Designator=R10(1608[0603])
Added Component: Designator=R11(1608[0603])
Added Component: Designator=R12(1608[0603])
Added Component: Designator=R13(1608[0603])
Added Component: Designator=R14(1608[0603])
Added Component: Designator=R15(1608[0603])
Added Component: Designator=R16(1608[0603])
Added Component: Designator=R17(1608[0603])
Added Component: Designator=R18(1608[0603])
Added Component: Designator=R19(1608[0603])
Added Component: Designator=R20(1608[0603])
Added Component: Designator=R21(1608[0603])
Added Component: Designator=R22(1608[0603])
Added Component: Designator=R23(1608[0603])
Added Component: Designator=R31(1608[0603])
Added Component: Designator=R32(1608[0603])
Added Component: Designator=R33(1608[0603])
Added Component: Designator=R34(1608[0603])
Added Component: Designator=SW1(switch)
Added Component: Designator=U1(LQFP64_N)
Added Component: Designator=U2(SOT230P700X180-4N)
Added Component: Designator=U3(LGANEW)
Added Component: Designator=U4(MS5611)
Added Component: Designator=U5(EEPROM)
Added Component: Designator=X1(OSC2)
Added Pin To Net: NetName=3.3V Pin=C1-2
Added Pin To Net: NetName=3.3V Pin=C2-2
Added Pin To Net: NetName=3.3V Pin=C3-2
Added Pin To Net: NetName=3.3V Pin=C7-2
Added Pin To Net: NetName=3.3V Pin=C9-2
Added Pin To Net: NetName=3.3V Pin=C11-2
Added Pin To Net: NetName=3.3V Pin=C12-2
Added Pin To Net: NetName=3.3V Pin=C19-2
Added Pin To Net: NetName=3.3V Pin=C21-2
Added Pin To Net: NetName=3.3V Pin=C22-2
Added Pin To Net: NetName=3.3V Pin=C23-2
Added Pin To Net: NetName=3.3V Pin=C30-2
Added Pin To Net: NetName=3.3V Pin=C33-2
Added Pin To Net: NetName=3.3V Pin=D1-1
Added Pin To Net: NetName=3.3V Pin=D2-1
Added Pin To Net: NetName=3.3V Pin=D3-1
Added Pin To Net: NetName=3.3V Pin=L2-2
Added Pin To Net: NetName=3.3V Pin=L5-2
Added Pin To Net: NetName=3.3V Pin=P4-1
Added Pin To Net: NetName=3.3V Pin=P5-5
Added Pin To Net: NetName=3.3V Pin=R4-2
Added Pin To Net: NetName=3.3V Pin=R5-2
Added Pin To Net: NetName=3.3V Pin=R6-2
Added Pin To Net: NetName=3.3V Pin=R7-2
Added Pin To Net: NetName=3.3V Pin=R14-1
Added Pin To Net: NetName=3.3V Pin=R15-1
Added Pin To Net: NetName=3.3V Pin=U1-1
Added Pin To Net: NetName=3.3V Pin=U1-7
Added Pin To Net: NetName=3.3V Pin=U1-18
Added Pin To Net: NetName=3.3V Pin=U1-45
Added Pin To Net: NetName=3.3V Pin=U1-58
Added Pin To Net: NetName=3.3V Pin=U1-59
Added Pin To Net: NetName=3.3V Pin=U2-2
Added Pin To Net: NetName=3.3V Pin=U2-4
Added Pin To Net: NetName=3.3V Pin=U3-3
Added Pin To Net: NetName=3.3V Pin=U3-13
Added Pin To Net: NetName=3.3V Pin=U4-1
Added Pin To Net: NetName=3.3V Pin=U5-8
Added Net: Name=3.3V
Added Pin To Net: NetName=5V Pin=C8-2
Added Pin To Net: NetName=5V Pin=C26-2
Added Pin To Net: NetName=5V Pin=D4-2
Added Pin To Net: NetName=5V Pin=P6-2
Added Pin To Net: NetName=5V Pin=P6-5
Added Pin To Net: NetName=5V Pin=P6-8
Added Pin To Net: NetName=5V Pin=P6-11
Added Pin To Net: NetName=5V Pin=P6-14
Added Pin To Net: NetName=5V Pin=P6-17
Added Pin To Net: NetName=5V Pin=P6-20
Added Pin To Net: NetName=5V Pin=P7-2
Added Pin To Net: NetName=5V Pin=P7-5
Added Pin To Net: NetName=5V Pin=P7-8
Added Pin To Net: NetName=5V Pin=P7-11
Added Pin To Net: NetName=5V Pin=U2-3
Added Net: Name=5V
Added Pin To Net: NetName=CSB Pin=U1-28
Added Pin To Net: NetName=CSB Pin=U4-4
Added Net: Name=CSB
Added Pin To Net: NetName=DDM Pin=R31-2
Added Pin To Net: NetName=DDM Pin=U1-56
Added Net: Name=DDM
Added Pin To Net: NetName=DDP Pin=R32-2
Added Pin To Net: NetName=DDP Pin=U1-57
Added Net: Name=DDP
Added Pin To Net: NetName=GND Pin=C1-1
Added Pin To Net: NetName=GND Pin=C2-1
Added Pin To Net: NetName=GND Pin=C3-1
Added Pin To Net: NetName=GND Pin=C4-1
Added Pin To Net: NetName=GND Pin=C5-1
Added Pin To Net: NetName=GND Pin=C6-1
Added Pin To Net: NetName=GND Pin=C7-1
Added Pin To Net: NetName=GND Pin=C8-1
Added Pin To Net: NetName=GND Pin=C9-1
Added Pin To Net: NetName=GND Pin=C10-1
Added Pin To Net: NetName=GND Pin=C11-1
Added Pin To Net: NetName=GND Pin=C12-1
Added Pin To Net: NetName=GND Pin=C13-1
Added Pin To Net: NetName=GND Pin=C14-1
Added Pin To Net: NetName=GND Pin=C15-1
Added Pin To Net: NetName=GND Pin=C16-1
Added Pin To Net: NetName=GND Pin=C17-1
Added Pin To Net: NetName=GND Pin=C18-1
Added Pin To Net: NetName=GND Pin=C19-1
Added Pin To Net: NetName=GND Pin=C20-1
Added Pin To Net: NetName=GND Pin=C21-1
Added Pin To Net: NetName=GND Pin=C23-1
Added Pin To Net: NetName=GND Pin=C24-1
Added Pin To Net: NetName=GND Pin=C25-1
Added Pin To Net: NetName=GND Pin=C26-1
Added Pin To Net: NetName=GND Pin=C28-1
Added Pin To Net: NetName=GND Pin=C30-1
Added Pin To Net: NetName=GND Pin=C33-1
Added Pin To Net: NetName=GND Pin=P2-4
Added Pin To Net: NetName=GND Pin=P3-4
Added Pin To Net: NetName=GND Pin=P4-4
Added Pin To Net: NetName=GND Pin=P5-7
Added Pin To Net: NetName=GND Pin=P6-1
Added Pin To Net: NetName=GND Pin=P6-4
Added Pin To Net: NetName=GND Pin=P6-7
Added Pin To Net: NetName=GND Pin=P6-10
Added Pin To Net: NetName=GND Pin=P6-13
Added Pin To Net: NetName=GND Pin=P6-16
Added Pin To Net: NetName=GND Pin=P6-19
Added Pin To Net: NetName=GND Pin=P7-1
Added Pin To Net: NetName=GND Pin=P7-4
Added Pin To Net: NetName=GND Pin=P7-7
Added Pin To Net: NetName=GND Pin=P7-10
Added Pin To Net: NetName=GND Pin=R1-1
Added Pin To Net: NetName=GND Pin=R2-1
Added Pin To Net: NetName=GND Pin=R8-1
Added Pin To Net: NetName=GND Pin=SW1-2
Added Pin To Net: NetName=GND Pin=U1-2
Added Pin To Net: NetName=GND Pin=U1-3
Added Pin To Net: NetName=GND Pin=U1-4
Added Pin To Net: NetName=GND Pin=U1-5
Added Pin To Net: NetName=GND Pin=U1-6
Added Pin To Net: NetName=GND Pin=U1-17
Added Pin To Net: NetName=GND Pin=U1-46
Added Pin To Net: NetName=GND Pin=U1-50
Added Pin To Net: NetName=GND Pin=U1-60
Added Pin To Net: NetName=GND Pin=U2-1
Added Pin To Net: NetName=GND Pin=U3-1
Added Pin To Net: NetName=GND Pin=U3-9
Added Pin To Net: NetName=GND Pin=U3-11
Added Pin To Net: NetName=GND Pin=U3-15
Added Pin To Net: NetName=GND Pin=U3-17
Added Pin To Net: NetName=GND Pin=U3-18
Added Pin To Net: NetName=GND Pin=U4-2
Added Pin To Net: NetName=GND Pin=U4-3
Added Pin To Net: NetName=GND Pin=U5-1
Added Pin To Net: NetName=GND Pin=U5-2
Added Pin To Net: NetName=GND Pin=U5-3
Added Pin To Net: NetName=GND Pin=U5-4
Added Pin To Net: NetName=GND Pin=X1-2
Added Pin To Net: NetName=GND Pin=X1-4
Added Net: Name=GND
Added Pin To Net: NetName=IN1 Pin=R12-1
Added Pin To Net: NetName=IN1 Pin=U1-19
Added Net: Name=IN1
Added Pin To Net: NetName=IN2 Pin=R16-1
Added Pin To Net: NetName=IN2 Pin=U1-20
Added Net: Name=IN2
Added Pin To Net: NetName=IN3 Pin=R18-1
Added Pin To Net: NetName=IN3 Pin=U1-41
Added Net: Name=IN3
Added Pin To Net: NetName=IN4 Pin=R19-1
Added Pin To Net: NetName=IN4 Pin=U1-42
Added Net: Name=IN4
Added Pin To Net: NetName=IN5 Pin=R20-1
Added Pin To Net: NetName=IN5 Pin=U1-52
Added Net: Name=IN5
Added Pin To Net: NetName=IN6 Pin=R22-1
Added Pin To Net: NetName=IN6 Pin=U1-29
Added Net: Name=IN6
Added Pin To Net: NetName=IN7 Pin=R23-1
Added Pin To Net: NetName=IN7 Pin=U1-30
Added Net: Name=IN7
Added Pin To Net: NetName=MISO Pin=U1-27
Added Pin To Net: NetName=MISO Pin=U4-6
Added Net: Name=MISO
Added Pin To Net: NetName=MOSI Pin=U1-22
Added Pin To Net: NetName=MOSI Pin=U4-7
Added Net: Name=MOSI
Added Pin To Net: NetName=NetC18_2 Pin=C18-2
Added Pin To Net: NetName=NetC18_2 Pin=R3-1
Added Net: Name=NetC18_2
Added Pin To Net: NetName=NetC24_2 Pin=C24-2
Added Pin To Net: NetName=NetC24_2 Pin=U3-10
Added Net: Name=NetC24_2
Added Pin To Net: NetName=NetC25_2 Pin=C25-2
Added Pin To Net: NetName=NetC25_2 Pin=U3-20
Added Net: Name=NetC25_2
Added Pin To Net: NetName=NetD1_2 Pin=D1-2
Added Pin To Net: NetName=NetD1_2 Pin=R1-2
Added Net: Name=NetD1_2
Added Pin To Net: NetName=NetD2_2 Pin=D2-2
Added Pin To Net: NetName=NetD2_2 Pin=R10-2
Added Net: Name=NetD2_2
Added Pin To Net: NetName=NetD3_2 Pin=D3-2
Added Pin To Net: NetName=NetD3_2 Pin=R11-2
Added Net: Name=NetD3_2
Added Pin To Net: NetName=NetD4_1 Pin=D4-1
Added Pin To Net: NetName=NetD4_1 Pin=L1-2
Added Net: Name=NetD4_1
Added Pin To Net: NetName=NetL1_1 Pin=L1-1
Added Net: Name=NetL1_1
Added Pin To Net: NetName=NetL2_1 Pin=L2-1
Added Pin To Net: NetName=NetL2_1 Pin=P3-1
Added Net: Name=NetL2_1
Added Pin To Net: NetName=NetL5_1 Pin=L5-1
Added Pin To Net: NetName=NetL5_1 Pin=P2-1
Added Net: Name=NetL5_1
Added Pin To Net: NetName=NetP1_2 Pin=R31-1
Added Net: Name=NetP1_2
Added Pin To Net: NetName=NetP5_2 Pin=P5-2
Added Pin To Net: NetName=NetP5_2 Pin=R5-1
Added Net: Name=NetP5_2
Added Pin To Net: NetName=NetP6_3 Pin=P6-3
Added Pin To Net: NetName=NetP6_3 Pin=R12-2
Added Net: Name=NetP6_3
Added Pin To Net: NetName=NetP6_6 Pin=P6-6
Added Pin To Net: NetName=NetP6_6 Pin=R16-2
Added Net: Name=NetP6_6
Added Pin To Net: NetName=NetP6_9 Pin=P6-9
Added Pin To Net: NetName=NetP6_9 Pin=R18-2
Added Net: Name=NetP6_9
Added Pin To Net: NetName=NetP6_12 Pin=P6-12
Added Pin To Net: NetName=NetP6_12 Pin=R19-2
Added Net: Name=NetP6_12
Added Pin To Net: NetName=NetP6_15 Pin=P6-15
Added Pin To Net: NetName=NetP6_15 Pin=R20-2
Added Net: Name=NetP6_15
Added Pin To Net: NetName=NetP6_18 Pin=P6-18
Added Pin To Net: NetName=NetP6_18 Pin=R22-2
Added Net: Name=NetP6_18
Added Pin To Net: NetName=NetP6_21 Pin=P6-21
Added Pin To Net: NetName=NetP6_21 Pin=R23-2
Added Net: Name=NetP6_21
Added Pin To Net: NetName=NetP7_3 Pin=P7-3
Added Pin To Net: NetName=NetP7_3 Pin=R9-2
Added Net: Name=NetP7_3
Added Pin To Net: NetName=NetP7_6 Pin=P7-6
Added Pin To Net: NetName=NetP7_6 Pin=R13-2
Added Net: Name=NetP7_6
Added Pin To Net: NetName=NetP7_9 Pin=P7-9
Added Pin To Net: NetName=NetP7_9 Pin=R17-2
Added Net: Name=NetP7_9
Added Pin To Net: NetName=NetP7_12 Pin=P7-12
Added Pin To Net: NetName=NetP7_12 Pin=R21-2
Added Net: Name=NetP7_12
Added Pin To Net: NetName=NetR2_2 Pin=R2-2
Added Pin To Net: NetName=NetR2_2 Pin=U1-55
Added Net: Name=NetR2_2
Added Pin To Net: NetName=NetR8_2 Pin=R8-2
Added Pin To Net: NetName=NetR8_2 Pin=U1-40
Added Net: Name=NetR8_2
Added Pin To Net: NetName=NetR33_1 Pin=R33-1
Added Pin To Net: NetName=NetR33_1 Pin=U1-43
Added Net: Name=NetR33_1
Added Pin To Net: NetName=NetR34_1 Pin=R34-1
Added Pin To Net: NetName=NetR34_1 Pin=U1-36
Added Net: Name=NetR34_1
Added Pin To Net: NetName=NRST Pin=C10-2
Added Pin To Net: NetName=NRST Pin=P5-1
Added Pin To Net: NetName=NRST Pin=R4-1
Added Pin To Net: NetName=NRST Pin=SW1-3
Added Pin To Net: NetName=NRST Pin=U1-39
Added Net: Name=NRST
Added Pin To Net: NetName=PA7 Pin=R10-1
Added Pin To Net: NetName=PA7 Pin=U1-38
Added Net: Name=PA7
Added Pin To Net: NetName=PA8 Pin=R11-1
Added Pin To Net: NetName=PA8 Pin=U1-31
Added Net: Name=PA8
Added Pin To Net: NetName=PLLRC Pin=C17-2
Added Pin To Net: NetName=PLLRC Pin=R3-2
Added Pin To Net: NetName=PLLRC Pin=U1-63
Added Net: Name=PLLRC
Added Pin To Net: NetName=PWM0 Pin=R9-1
Added Pin To Net: NetName=PWM0 Pin=U1-15
Added Net: Name=PWM0
Added Pin To Net: NetName=PWM1 Pin=R13-1
Added Pin To Net: NetName=PWM1 Pin=U1-23
Added Net: Name=PWM1
Added Pin To Net: NetName=PWM2 Pin=R17-1
Added Pin To Net: NetName=PWM2 Pin=U1-25
Added Net: Name=PWM2
Added Pin To Net: NetName=PWM3 Pin=R21-1
Added Pin To Net: NetName=PWM3 Pin=U1-32
Added Net: Name=PWM3
Added Pin To Net: NetName=RXD0 Pin=P2-2
Added Pin To Net: NetName=RXD0 Pin=U1-35
Added Net: Name=RXD0
Added Pin To Net: NetName=RXD1 Pin=P3-2
Added Pin To Net: NetName=RXD1 Pin=U1-11
Added Net: Name=RXD1
Added Pin To Net: NetName=SCL Pin=P4-2
Added Pin To Net: NetName=SCL Pin=R14-2
Added Pin To Net: NetName=SCL Pin=R34-2
Added Pin To Net: NetName=SCL Pin=U3-23
Added Pin To Net: NetName=SCL Pin=U5-6
Added Net: Name=SCL
Added Pin To Net: NetName=SDA Pin=P4-3
Added Pin To Net: NetName=SDA Pin=R15-2
Added Pin To Net: NetName=SDA Pin=R33-2
Added Pin To Net: NetName=SDA Pin=U3-24
Added Pin To Net: NetName=SDA Pin=U5-5
Added Net: Name=SDA
Added Pin To Net: NetName=SPCK Pin=U1-21
Added Pin To Net: NetName=SPCK Pin=U4-8
Added Net: Name=SPCK
Added Pin To Net: NetName=TCK Pin=P5-4
Added Pin To Net: NetName=TCK Pin=R7-1
Added Pin To Net: NetName=TCK Pin=U1-53
Added Net: Name=TCK
Added Pin To Net: NetName=TDI Pin=U1-33
Added Net: Name=TDI
Added Pin To Net: NetName=TDO Pin=P5-8
Added Pin To Net: NetName=TDO Pin=U1-49
Added Net: Name=TDO
Added Pin To Net: NetName=TMS Pin=P5-3
Added Pin To Net: NetName=TMS Pin=R6-1
Added Pin To Net: NetName=TMS Pin=U1-51
Added Net: Name=TMS
Added Pin To Net: NetName=TXD0 Pin=P2-3
Added Pin To Net: NetName=TXD0 Pin=U1-34
Added Net: Name=TXD0
Added Pin To Net: NetName=TXD1 Pin=P3-3
Added Pin To Net: NetName=TXD1 Pin=U1-14
Added Net: Name=TXD1
Added Pin To Net: NetName=VDDOUT Pin=C4-2
Added Pin To Net: NetName=VDDOUT Pin=C5-2
Added Pin To Net: NetName=VDDOUT Pin=C6-2
Added Pin To Net: NetName=VDDOUT Pin=C13-2
Added Pin To Net: NetName=VDDOUT Pin=C14-2
Added Pin To Net: NetName=VDDOUT Pin=C20-2
Added Pin To Net: NetName=VDDOUT Pin=C28-2
Added Pin To Net: NetName=VDDOUT Pin=U1-8
Added Pin To Net: NetName=VDDOUT Pin=U1-12
Added Pin To Net: NetName=VDDOUT Pin=U1-24
Added Pin To Net: NetName=VDDOUT Pin=U1-54
Added Pin To Net: NetName=VDDOUT Pin=U1-64
Added Pin To Net: NetName=VDDOUT Pin=U3-8
Added Net: Name=VDDOUT
Added Pin To Net: NetName=XIN Pin=C15-2
Added Pin To Net: NetName=XIN Pin=U1-62
Added Pin To Net: NetName=XIN Pin=X1-1
Added Net: Name=XIN
Added Pin To Net: NetName=XOUT Pin=C16-2
Added Pin To Net: NetName=XOUT Pin=U1-61
Added Pin To Net: NetName=XOUT Pin=X1-3
Added Net: Name=XOUT
Added Class: Name=Sheet1
