Removed Pin From Net: NetName=A3V3 Pin=C23-2
Removed Pin From Net: NetName=GND Pin=C28-1
Removed Pin From Net: NetName=3.3V Pin=C28-2
Removed Pin From Net: NetName=A3V3 Pin=C38-2
Removed Pin From Net: NetName=GND Pin=C39-1
Removed Pin From Net: NetName=3.3V Pin=C39-2
Removed Pin From Net: NetName=AGND Pin=C40-1
Removed Pin From Net: NetName=A3V3 Pin=C40-2
Removed Pin From Net: NetName=3.3V Pin=R14-1
Removed Pin From Net: NetName=SCL Pin=R14-2
Removed Pin From Net: NetName=3.3V Pin=R15-1
Removed Pin From Net: NetName=SDA Pin=R15-2
Removed Pin From Net: NetName=CS1 Pin=R27-1
Removed Pin From Net: NetName=A3V3 Pin=U3-3
Removed Pin From Net: NetName=3.3V Pin=U3-8
Removed Pin From Net: NetName=GND Pin=U3-9
Removed Pin From Net: NetName=A3V3 Pin=U3-13
Removed Pin From Net: NetName=AGND Pin=U3-15
Removed Pin From Net: NetName=AGND Pin=U3-17
Removed Pin From Net: NetName=SCL Pin=U3-23
Removed Pin From Net: NetName=SDA Pin=U3-24
Removed Member From Class: ClassName=Sheet1 Member=C28
Removed Member From Class: ClassName=Sheet1 Member=C39
Removed Member From Class: ClassName=Sheet1 Member=C40
Removed Member From Class: ClassName=Sheet1 Member=R14
Removed Member From Class: ClassName=Sheet1 Member=R15
Change Component DesignItemId : Designator=U3 Old DesignItemId=MPU9150 New DesignItemId=MPU6000
Change Component Comment : Designator=U3 Old Comment=MPU9150 New Comment=MPU6000
Change Component Description : Designator=U3 Old Description=MPU9150 New Description=MPU6000
Added Pin To Net: NetName=GND Pin=U3-6
Added Pin To Net: NetName=CS2 Pin=R27-1
Added Pin To Net: NetName=CS2 Pin=U1-42
Added Net: Name=CS2
Added Pin To Net: NetName=NetC23_2 Pin=C23-2
Added Pin To Net: NetName=NetC23_2 Pin=C38-2
Added Pin To Net: NetName=NetC23_2 Pin=U3-13
Added Net: Name=NetC23_2
Added Pin To Net: NetName=NetR36_1 Pin=U3-8
Added Net: Name=NetR36_1
Added Pin To Net: NetName=NetR36_2 Pin=U3-9
Added Net: Name=NetR36_2
Added Pin To Net: NetName=NetR36_3 Pin=U3-24
Added Net: Name=NetR36_3
Added Pin To Net: NetName=NetR36_4 Pin=U3-23
Added Net: Name=NetR36_4
