Removed Pin From Net: NetName=CS0 Pin=R26-1
Removed Pin From Net: NetName=MISO Pin=R26-2
Removed Pin From Net: NetName=MOSI Pin=R26-3
Removed Pin From Net: NetName=SPCK Pin=R26-4
Added Pin To Net: NetName=SPCK Pin=R26-5
Added Pin To Net: NetName=MOSI Pin=R26-6
Added Pin To Net: NetName=MISO Pin=R26-7
Added Pin To Net: NetName=CS0 Pin=R26-8
Added Pin To Net: NetName=NetR26_1 Pin=R26-1
Added Pin To Net: NetName=NetR26_1 Pin=U10-5
Added Net: Name=NetR26_1
Added Pin To Net: NetName=NetR26_2 Pin=R26-2
Added Pin To Net: NetName=NetR26_2 Pin=U10-6
Added Net: Name=NetR26_2
Added Pin To Net: NetName=NetR26_3 Pin=R26-3
Added Pin To Net: NetName=NetR26_3 Pin=U10-7
Added Net: Name=NetR26_3
Added Pin To Net: NetName=NetR26_4 Pin=R26-4
Added Pin To Net: NetName=NetR26_4 Pin=U10-8
Added Net: Name=NetR26_4
